<?xml version="1.0" encoding="UTF-8"?>
<testsuite name="LibraryTest" tests="1" skipped="0" failures="0" errors="0" timestamp="2016-06-30T13:44:19" hostname="aishwaryav" time="0.009">
  <properties/>
  <testcase name="testSomeLibraryMethod" classname="LibraryTest" time="0.009"/>
  <system-out><![CDATA[]]></system-out>
  <system-err><![CDATA[]]></system-err>
</testsuite>
